Sat Nov 03 2018 18:05:26 GMT+0530 (India Standard Time): GET /
Sat Nov 03 2018 18:05:26 GMT+0530 (India Standard Time): GET /favicon.ico
Sat Nov 03 2018 18:12:48 GMT+0530 (India Standard Time): GET /
Sat Nov 03 2018 18:12:48 GMT+0530 (India Standard Time): GET /favicon.ico
Sat Nov 03 2018 18:13:03 GMT+0530 (India Standard Time): GET /
Sat Nov 03 2018 18:13:03 GMT+0530 (India Standard Time): GET /favicon.ico
Sat Nov 03 2018 18:13:04 GMT+0530 (India Standard Time): GET /
Sat Nov 03 2018 18:13:04 GMT+0530 (India Standard Time): GET /favicon.ico
Sat Nov 03 2018 18:13:18 GMT+0530 (India Standard Time): GET /
Sat Nov 03 2018 18:13:18 GMT+0530 (India Standard Time): GET /favicon.ico
Sat Nov 03 2018 18:13:46 GMT+0530 (India Standard Time): GET /about
Sat Nov 03 2018 18:13:46 GMT+0530 (India Standard Time): GET /favicon.ico
Sat Nov 03 2018 18:23:30 GMT+0530 (India Standard Time): GET /about
Sat Nov 03 2018 18:23:30 GMT+0530 (India Standard Time): GET /favicon.ico
Sat Nov 03 2018 18:24:24 GMT+0530 (India Standard Time): GET /about
Sat Nov 03 2018 18:24:24 GMT+0530 (India Standard Time): GET /favicon.ico
Sat Nov 03 2018 18:24:31 GMT+0530 (India Standard Time): GET /
Sat Nov 03 2018 18:24:31 GMT+0530 (India Standard Time): GET /favicon.ico
Sat Nov 03 2018 18:26:40 GMT+0530 (India Standard Time): GET /
Sat Nov 03 2018 18:26:40 GMT+0530 (India Standard Time): GET /favicon.ico
Sat Nov 03 2018 18:26:41 GMT+0530 (India Standard Time): GET /
Sat Nov 03 2018 18:26:41 GMT+0530 (India Standard Time): GET /favicon.ico
Sat Nov 03 2018 18:26:41 GMT+0530 (India Standard Time): GET /
Sat Nov 03 2018 18:26:41 GMT+0530 (India Standard Time): GET /favicon.ico
Sat Nov 03 2018 18:27:48 GMT+0530 (India Standard Time): GET /
Sat Nov 03 2018 18:27:49 GMT+0530 (India Standard Time): GET /favicon.ico
Sat Nov 03 2018 18:29:45 GMT+0530 (India Standard Time): GET /
Sat Nov 03 2018 18:29:45 GMT+0530 (India Standard Time): GET /favicon.ico
Sat Nov 03 2018 18:30:15 GMT+0530 (India Standard Time): GET /
Sat Nov 03 2018 18:30:15 GMT+0530 (India Standard Time): GET /favicon.ico
Sat Nov 03 2018 18:30:37 GMT+0530 (India Standard Time): GET /
Sat Nov 03 2018 18:30:38 GMT+0530 (India Standard Time): GET /favicon.ico
Sat Nov 03 2018 21:19:26 GMT+0530 (India Standard Time): GET /
Sat Nov 03 2018 21:19:26 GMT+0530 (India Standard Time): GET /favicon.ico
Sat Nov 03 2018 21:19:29 GMT+0530 (India Standard Time): GET /about
Sat Nov 03 2018 21:19:29 GMT+0530 (India Standard Time): GET /favicon.ico
Sat Nov 03 2018 21:20:56 GMT+0530 (India Standard Time): GET /about
Sat Nov 03 2018 21:20:56 GMT+0530 (India Standard Time): GET /favicon.ico
Sat Nov 03 2018 21:21:07 GMT+0530 (India Standard Time): GET /about/
Sat Nov 03 2018 21:21:07 GMT+0530 (India Standard Time): GET /favicon.ico
Sat Nov 03 2018 21:21:16 GMT+0530 (India Standard Time): GET /about/d
Sat Nov 03 2018 21:21:16 GMT+0530 (India Standard Time): GET /favicon.ico
Sat Nov 03 2018 21:21:30 GMT+0530 (India Standard Time): GET /a
Sat Nov 03 2018 21:21:30 GMT+0530 (India Standard Time): GET /favicon.ico
Sat Nov 03 2018 21:21:33 GMT+0530 (India Standard Time): GET /
Sat Nov 03 2018 21:21:33 GMT+0530 (India Standard Time): GET /favicon.ico
Sat Nov 03 2018 21:23:39 GMT+0530 (India Standard Time): GET /
Sat Nov 03 2018 21:23:39 GMT+0530 (India Standard Time): GET /favicon.ico
Sat Nov 03 2018 21:25:52 GMT+0530 (India Standard Time): GET /
Sat Nov 03 2018 21:25:52 GMT+0530 (India Standard Time): GET /favicon.ico
